# JRE version: OpenJDK Runtime Environment (11.0.13) (build 11.0.13+0-b1751.21-8125866)
# Java VM: OpenJDK 64-Bit Server VM (11.0.13+0-b1751.21-8125866, mixed mode, tiered, compressed oops, g1 gc, windows-amd64)
Heap:
 garbage-first heap   total 189440K, used 99721K [0x0000000080000000, 0x0000000100000000)
  region size 1024K, 59 young (60416K), 3 survivors (3072K)
 Metaspace       used 58904K, capacity 60320K, committed 60496K, reserved 1101824K
  class space    used 7432K, capacity 7980K, committed 8096K, reserved 1048576K
GC Heap History (20 events):
Event: 1.526 GC heap before
{Heap before GC invocations=1 (full 0):
 garbage-first heap   total 131072K, used 19128K [0x0000000080000000, 0x0000000100000000)
  region size 1024K, 13 young (13312K), 2 survivors (2048K)
 Metaspace       used 10217K, capacity 10489K, committed 10624K, reserved 1058816K
  class space    used 1051K, capacity 1139K, committed 1152K, reserved 1048576K
}
Event: 1.531 GC heap after
{Heap after GC invocations=2 (full 0):
 garbage-first heap   total 131072K, used 9805K [0x0000000080000000, 0x0000000100000000)
  region size 1024K, 2 young (2048K), 2 survivors (2048K)
 Metaspace       used 10217K, capacity 10489K, committed 10624K, reserved 1058816K
  class space    used 1051K, capacity 1139K, committed 1152K, reserved 1048576K
}
Event: 2.309 GC heap before
{Heap before GC invocations=2 (full 0):
 garbage-first heap   total 131072K, used 39501K [0x0000000080000000, 0x0000000100000000)
  region size 1024K, 30 young (30720K), 2 survivors (2048K)
 Metaspace       used 11228K, capacity 11508K, committed 11776K, reserved 1060864K
  class space    used 1153K, capacity 1244K, committed 1280K, reserved 1048576K
}
Event: 2.315 GC heap after
{Heap after GC invocations=3 (full 0):
 garbage-first heap   total 131072K, used 12205K [0x0000000080000000, 0x0000000100000000)
  region size 1024K, 4 young (4096K), 4 survivors (4096K)
 Metaspace       used 11228K, capacity 11508K, committed 11776K, reserved 1060864K
  class space    used 1153K, capacity 1244K, committed 1280K, reserved 1048576K
}
Event: 5.833 GC heap before
{Heap before GC invocations=3 (full 0):
 garbage-first heap   total 131072K, used 53165K [0x0000000080000000, 0x0000000100000000)
  region size 1024K, 45 young (46080K), 4 survivors (4096K)
 Metaspace       used 17459K, capacity 17909K, committed 18048K, reserved 1064960K
  class space    used 2016K, capacity 2147K, committed 2176K, reserved 1048576K
}
Event: 5.848 GC heap after
{Heap after GC invocations=4 (full 0):
 garbage-first heap   total 131072K, used 16178K [0x0000000080000000, 0x0000000100000000)
  region size 1024K, 6 young (6144K), 6 survivors (6144K)
 Metaspace       used 17459K, capacity 17909K, committed 18048K, reserved 1064960K
  class space    used 2016K, capacity 2147K, committed 2176K, reserved 1048576K
}
Event: 6.448 GC heap before
{Heap before GC invocations=4 (full 0):
 garbage-first heap   total 131072K, used 47922K [0x0000000080000000, 0x0000000100000000)
  region size 1024K, 38 young (38912K), 6 survivors (6144K)
 Metaspace       used 20807K, capacity 21245K, committed 21296K, reserved 1069056K
  class space    used 2529K, capacity 2684K, committed 2688K, reserved 1048576K
}
Event: 6.458 GC heap after
{Heap after GC invocations=5 (full 0):
 garbage-first heap   total 131072K, used 17506K [0x0000000080000000, 0x0000000100000000)
  region size 1024K, 5 young (5120K), 5 survivors (5120K)
 Metaspace       used 20807K, capacity 21245K, committed 21296K, reserved 1069056K
  class space    used 2529K, capacity 2684K, committed 2688K, reserved 1048576K
}
Event: 7.615 GC heap before
{Heap before GC invocations=6 (full 0):
 garbage-first heap   total 131072K, used 68706K [0x0000000080000000, 0x0000000100000000)
  region size 1024K, 55 young (56320K), 5 survivors (5120K)
 Metaspace       used 26158K, capacity 26813K, committed 26876K, reserved 1073152K
  class space    used 3397K, capacity 3636K, committed 3660K, reserved 1048576K
}
Event: 7.629 GC heap after
{Heap after GC invocations=7 (full 0):
 garbage-first heap   total 131072K, used 19422K [0x0000000080000000, 0x0000000100000000)
  region size 1024K, 4 young (4096K), 4 survivors (4096K)
 Metaspace       used 26158K, capacity 26813K, committed 26876K, reserved 1073152K
  class space    used 3397K, capacity 3636K, committed 3660K, reserved 1048576K
}
Event: 8.716 GC heap before
{Heap before GC invocations=7 (full 0):
 garbage-first heap   total 131072K, used 76766K [0x0000000080000000, 0x0000000100000000)
  region size 1024K, 60 young (61440K), 4 survivors (4096K)
 Metaspace       used 31850K, capacity 32571K, committed 32636K, reserved 1077248K
  class space    used 4220K, capacity 4494K, committed 4556K, reserved 1048576K
}
Event: 8.730 GC heap after
{Heap after GC invocations=8 (full 0):
 garbage-first heap   total 157696K, used 21323K [0x0000000080000000, 0x0000000100000000)
  region size 1024K, 5 young (5120K), 5 survivors (5120K)
 Metaspace       used 31850K, capacity 32571K, committed 32636K, reserved 1077248K
  class space    used 4220K, capacity 4494K, committed 4556K, reserved 1048576K
}
Event: 9.282 GC heap before
{Heap before GC invocations=8 (full 0):
 garbage-first heap   total 157696K, used 29515K [0x0000000080000000, 0x0000000100000000)
  region size 1024K, 14 young (14336K), 5 survivors (5120K)
 Metaspace       used 35185K, capacity 35947K, committed 36048K, reserved 1081344K
  class space    used 4518K, capacity 4833K, committed 4896K, reserved 1048576K
}
Event: 9.303 GC heap after
{Heap after GC invocations=9 (full 0):
 garbage-first heap   total 157696K, used 22999K [0x0000000080000000, 0x0000000100000000)
  region size 1024K, 7 young (7168K), 7 survivors (7168K)
 Metaspace       used 35185K, capacity 35947K, committed 36048K, reserved 1081344K
  class space    used 4518K, capacity 4833K, committed 4896K, reserved 1048576K
}
Event: 10.907 GC heap before
{Heap before GC invocations=10 (full 0):
 garbage-first heap   total 157696K, used 91607K [0x0000000080000000, 0x0000000100000000)
  region size 1024K, 72 young (73728K), 7 survivors (7168K)
 Metaspace       used 40370K, capacity 41331K, committed 41552K, reserved 1085440K
  class space    used 5087K, capacity 5448K, committed 5536K, reserved 1048576K
}
Event: 10.930 GC heap after
{Heap after GC invocations=11 (full 0):
 garbage-first heap   total 157696K, used 29143K [0x0000000080000000, 0x0000000100000000)
  region size 1024K, 9 young (9216K), 9 survivors (9216K)
 Metaspace       used 40370K, capacity 41331K, committed 41552K, reserved 1085440K
  class space    used 5087K, capacity 5448K, committed 5536K, reserved 1048576K
}
Event: 12.645 GC heap before
{Heap before GC invocations=11 (full 0):
 garbage-first heap   total 157696K, used 96727K [0x0000000080000000, 0x0000000100000000)
  region size 1024K, 75 young (76800K), 9 survivors (9216K)
 Metaspace       used 46425K, capacity 47488K, committed 47696K, reserved 1091584K
  class space    used 5885K, capacity 6298K, committed 6304K, reserved 1048576K
}
Event: 12.663 GC heap after
{Heap after GC invocations=12 (full 0):
 garbage-first heap   total 157696K, used 30736K [0x0000000080000000, 0x0000000100000000)
  region size 1024K, 7 young (7168K), 7 survivors (7168K)
 Metaspace       used 46425K, capacity 47488K, committed 47696K, reserved 1091584K
  class space    used 5885K, capacity 6298K, committed 6304K, reserved 1048576K
}
Event: 15.041 GC heap before
{Heap before GC invocations=12 (full 0):
 garbage-first heap   total 157696K, used 107536K [0x0000000080000000, 0x0000000100000000)
  region size 1024K, 78 young (79872K), 7 survivors (7168K)
 Metaspace       used 50710K, capacity 51974K, committed 52176K, reserved 1095680K
  class space    used 6410K, capacity 6909K, committed 6944K, reserved 1048576K
}
Event: 15.065 GC heap after
{Heap after GC invocations=13 (full 0):
 garbage-first heap   total 189440K, used 42887K [0x0000000080000000, 0x0000000100000000)
  region size 1024K, 10 young (10240K), 10 survivors (10240K)
 Metaspace       used 50710K, capacity 51974K, committed 52176K, reserved 1095680K
  class space    used 6410K, capacity 6909K, committed 6944K, reserved 1048576K
}

