# JRE version: OpenJDK Runtime Environment (11.0.13) (build 11.0.13+0-b1751.21-8125866)
# Java VM: OpenJDK 64-Bit Server VM (11.0.13+0-b1751.21-8125866, mixed mode, tiered, compressed oops, g1 gc, windows-amd64)
Heap:
 garbage-first heap   total 189440K, used 91136K [0x0000000080000000, 0x0000000100000000)
  region size 1024K, 47 young (48128K), 8 survivors (8192K)
 Metaspace       used 66850K, capacity 68389K, committed 68604K, reserved 1110016K
  class space    used 8418K, capacity 9008K, committed 9036K, reserved 1048576K
GC Heap History (20 events):
Event: 2.236 GC heap before
{Heap before GC invocations=2 (full 0):
 garbage-first heap   total 131072K, used 39249K [0x0000000080000000, 0x0000000100000000)
  region size 1024K, 30 young (30720K), 2 survivors (2048K)
 Metaspace       used 11229K, capacity 11512K, committed 11776K, reserved 1060864K
  class space    used 1153K, capacity 1244K, committed 1280K, reserved 1048576K
}
Event: 2.241 GC heap after
{Heap after GC invocations=3 (full 0):
 garbage-first heap   total 131072K, used 12357K [0x0000000080000000, 0x0000000100000000)
  region size 1024K, 4 young (4096K), 4 survivors (4096K)
 Metaspace       used 11229K, capacity 11512K, committed 11776K, reserved 1060864K
  class space    used 1153K, capacity 1244K, committed 1280K, reserved 1048576K
}
Event: 5.664 GC heap before
{Heap before GC invocations=3 (full 0):
 garbage-first heap   total 131072K, used 54341K [0x0000000080000000, 0x0000000100000000)
  region size 1024K, 45 young (46080K), 4 survivors (4096K)
 Metaspace       used 17519K, capacity 18009K, committed 18176K, reserved 1064960K
  class space    used 2026K, capacity 2179K, committed 2304K, reserved 1048576K
}
Event: 5.675 GC heap after
{Heap after GC invocations=4 (full 0):
 garbage-first heap   total 131072K, used 16125K [0x0000000080000000, 0x0000000100000000)
  region size 1024K, 6 young (6144K), 6 survivors (6144K)
 Metaspace       used 17519K, capacity 18009K, committed 18176K, reserved 1064960K
  class space    used 2026K, capacity 2179K, committed 2304K, reserved 1048576K
}
Event: 6.155 GC heap before
{Heap before GC invocations=4 (full 0):
 garbage-first heap   total 131072K, used 45821K [0x0000000080000000, 0x0000000100000000)
  region size 1024K, 37 young (37888K), 6 survivors (6144K)
 Metaspace       used 20806K, capacity 21185K, committed 21296K, reserved 1069056K
  class space    used 2530K, capacity 2684K, committed 2688K, reserved 1048576K
}
Event: 6.167 GC heap after
{Heap after GC invocations=5 (full 0):
 garbage-first heap   total 131072K, used 17635K [0x0000000080000000, 0x0000000100000000)
  region size 1024K, 2 young (2048K), 2 survivors (2048K)
 Metaspace       used 20806K, capacity 21185K, committed 21296K, reserved 1069056K
  class space    used 2530K, capacity 2684K, committed 2688K, reserved 1048576K
}
Event: 7.204 GC heap before
{Heap before GC invocations=6 (full 0):
 garbage-first heap   total 131072K, used 67811K [0x0000000080000000, 0x0000000100000000)
  region size 1024K, 51 young (52224K), 2 survivors (2048K)
 Metaspace       used 26060K, capacity 26680K, committed 26876K, reserved 1073152K
  class space    used 3375K, capacity 3590K, committed 3660K, reserved 1048576K
}
Event: 7.217 GC heap after
{Heap after GC invocations=7 (full 0):
 garbage-first heap   total 131072K, used 19456K [0x0000000080000000, 0x0000000100000000)
  region size 1024K, 3 young (3072K), 3 survivors (3072K)
 Metaspace       used 26060K, capacity 26680K, committed 26876K, reserved 1073152K
  class space    used 3375K, capacity 3590K, committed 3660K, reserved 1048576K
}
Event: 9.241 GC heap before
{Heap before GC invocations=8 (full 0):
 garbage-first heap   total 131072K, used 90112K [0x0000000080000000, 0x0000000100000000)
  region size 1024K, 72 young (73728K), 3 survivors (3072K)
 Metaspace       used 35863K, capacity 36657K, committed 36988K, reserved 1081344K
  class space    used 4613K, capacity 4940K, committed 5068K, reserved 1048576K
}
Event: 9.260 GC heap after
{Heap after GC invocations=9 (full 0):
 garbage-first heap   total 157696K, used 23178K [0x0000000080000000, 0x0000000100000000)
  region size 1024K, 7 young (7168K), 7 survivors (7168K)
 Metaspace       used 35863K, capacity 36657K, committed 36988K, reserved 1081344K
  class space    used 4613K, capacity 4940K, committed 5068K, reserved 1048576K
}
Event: 11.135 GC heap before
{Heap before GC invocations=9 (full 0):
 garbage-first heap   total 157696K, used 103050K [0x0000000080000000, 0x0000000100000000)
  region size 1024K, 83 young (84992K), 7 survivors (7168K)
 Metaspace       used 41682K, capacity 42547K, committed 42748K, reserved 1087488K
  class space    used 5277K, capacity 5631K, committed 5708K, reserved 1048576K
}
Event: 11.156 GC heap after
{Heap after GC invocations=10 (full 0):
 garbage-first heap   total 157696K, used 29208K [0x0000000080000000, 0x0000000100000000)
  region size 1024K, 10 young (10240K), 10 survivors (10240K)
 Metaspace       used 41682K, capacity 42547K, committed 42748K, reserved 1087488K
  class space    used 5277K, capacity 5631K, committed 5708K, reserved 1048576K
}
Event: 11.505 GC heap before
{Heap before GC invocations=10 (full 0):
 garbage-first heap   total 157696K, used 44568K [0x0000000080000000, 0x0000000100000000)
  region size 1024K, 26 young (26624K), 10 survivors (10240K)
 Metaspace       used 43702K, capacity 44641K, committed 44796K, reserved 1087488K
  class space    used 5478K, capacity 5839K, committed 5964K, reserved 1048576K
}
Event: 11.527 GC heap after
{Heap after GC invocations=11 (full 0):
 garbage-first heap   total 157696K, used 30069K [0x0000000080000000, 0x0000000100000000)
  region size 1024K, 6 young (6144K), 6 survivors (6144K)
 Metaspace       used 43702K, capacity 44641K, committed 44796K, reserved 1087488K
  class space    used 5478K, capacity 5839K, committed 5964K, reserved 1048576K
}
Event: 13.646 GC heap before
{Heap before GC invocations=12 (full 0):
 garbage-first heap   total 157696K, used 117109K [0x0000000080000000, 0x0000000100000000)
  region size 1024K, 91 young (93184K), 6 survivors (6144K)
 Metaspace       used 48615K, capacity 49807K, committed 50172K, reserved 1093632K
  class space    used 6136K, capacity 6608K, committed 6732K, reserved 1048576K
}
Event: 13.664 GC heap after
{Heap after GC invocations=13 (full 0):
 garbage-first heap   total 157696K, used 32219K [0x0000000080000000, 0x0000000100000000)
  region size 1024K, 9 young (9216K), 9 survivors (9216K)
 Metaspace       used 48615K, capacity 49807K, committed 50172K, reserved 1093632K
  class space    used 6136K, capacity 6608K, committed 6732K, reserved 1048576K
}
Event: 15.703 GC heap before
{Heap before GC invocations=13 (full 0):
 garbage-first heap   total 157696K, used 121307K [0x0000000080000000, 0x0000000100000000)
  region size 1024K, 92 young (94208K), 9 survivors (9216K)
 Metaspace       used 58821K, capacity 60240K, committed 60412K, reserved 1101824K
  class space    used 7415K, capacity 7953K, committed 8012K, reserved 1048576K
}
Event: 15.732 GC heap after
{Heap after GC invocations=14 (full 0):
 garbage-first heap   total 189440K, used 43991K [0x0000000080000000, 0x0000000100000000)
  region size 1024K, 12 young (12288K), 12 survivors (12288K)
 Metaspace       used 58821K, capacity 60240K, committed 60412K, reserved 1101824K
  class space    used 7415K, capacity 7953K, committed 8012K, reserved 1048576K
}
Event: 18.028 GC heap before
{Heap before GC invocations=14 (full 0):
 garbage-first heap   total 189440K, used 145367K [0x0000000080000000, 0x0000000100000000)
  region size 1024K, 103 young (105472K), 12 survivors (12288K)
 Metaspace       used 65343K, capacity 66752K, committed 66940K, reserved 1107968K
  class space    used 8232K, capacity 8782K, committed 8908K, reserved 1048576K
}
Event: 18.055 GC heap after
{Heap after GC invocations=15 (full 0):
 garbage-first heap   total 189440K, used 52224K [0x0000000080000000, 0x0000000100000000)
  region size 1024K, 8 young (8192K), 8 survivors (8192K)
 Metaspace       used 65343K, capacity 66752K, committed 66940K, reserved 1107968K
  class space    used 8232K, capacity 8782K, committed 8908K, reserved 1048576K
}

